<?xml version="1.0" encoding="UTF-8"?>
<testsuite name="org.bedu.controller.InterviwierControllerTest" tests="3" skipped="0" failures="0" errors="0" timestamp="2024-01-25T02:12:06" hostname="DESKTOP-KECKC62" time="0.31">
  <properties/>
  <testcase name="Controller should be injected" classname="org.bedu.controller.InterviwierControllerTest" time="0.102"/>
  <testcase name="Controller should save a Interviwier" classname="org.bedu.controller.InterviwierControllerTest" time="0.19"/>
  <testcase name="Controller should return a list of interviewers" classname="org.bedu.controller.InterviwierControllerTest" time="0.01"/>
  <system-out><![CDATA[2024-01-24T20:12:03.824-06:00  INFO 12416 --- [    Test worker] t.c.s.AnnotationConfigContextLoaderUtils : Could not detect default configuration classes for test class [org.bedu.controller.InterviwierControllerTest]: InterviwierControllerTest does not declare any static, non-private, non-final, nested classes annotated with @Configuration.
2024-01-24T20:12:03.848-06:00  INFO 12416 --- [    Test worker] .b.t.c.SpringBootTestContextBootstrapper : Found @SpringBootConfiguration org.bedu.Application for test class org.bedu.controller.InterviwierControllerTest

  .   ____          _            __ _ _
 /\\ / ___'_ __ _ _(_)_ __  __ _ \ \ \ \
( ( )\___ | '_ | '_| | '_ \/ _` | \ \ \ \
 \\/  ___)| |_)| | | | | || (_| |  ) ) ) )
  '  |____| .__|_| |_|_| |_\__, | / / / /
 =========|_|==============|___/=/_/_/_/
 :: Spring Boot ::                (v3.2.2)

2024-01-24T20:12:03.910-06:00  INFO 12416 --- [    Test worker] o.b.c.InterviwierControllerTest          : Starting InterviwierControllerTest using Java 21.0.1 with PID 12416 (started by Usuario in C:\Users\Usuario\Documents\Programacion\Java Development\Backend5\Sesion07\santander-java-testing-20232-quality)
2024-01-24T20:12:03.912-06:00  INFO 12416 --- [    Test worker] o.b.c.InterviwierControllerTest          : No active profile set, falling back to 1 default profile: "default"
2024-01-24T20:12:04.263-06:00  INFO 12416 --- [    Test worker] .s.d.r.c.RepositoryConfigurationDelegate : Bootstrapping Spring Data JPA repositories in DEFAULT mode.
2024-01-24T20:12:04.281-06:00  INFO 12416 --- [    Test worker] .s.d.r.c.RepositoryConfigurationDelegate : Finished Spring Data repository scanning in 17 ms. Found 1 JPA repository interface.
2024-01-24T20:12:04.982-06:00  INFO 12416 --- [    Test worker] o.hibernate.jpa.internal.util.LogHelper  : HHH000204: Processing PersistenceUnitInfo [name: default]
2024-01-24T20:12:05.006-06:00  INFO 12416 --- [    Test worker] o.h.c.internal.RegionFactoryInitiator    : HHH000026: Second-level cache disabled
2024-01-24T20:12:05.023-06:00  INFO 12416 --- [    Test worker] o.s.o.j.p.SpringPersistenceUnitInfo      : No LoadTimeWeaver setup: ignoring JPA class transformer
2024-01-24T20:12:05.036-06:00  INFO 12416 --- [    Test worker] com.zaxxer.hikari.HikariDataSource       : HikariPool-2 - Starting...
2024-01-24T20:12:05.039-06:00  INFO 12416 --- [    Test worker] com.zaxxer.hikari.pool.HikariPool        : HikariPool-2 - Added connection org.sqlite.jdbc4.JDBC4Connection@5b908c6d
2024-01-24T20:12:05.041-06:00  INFO 12416 --- [    Test worker] com.zaxxer.hikari.HikariDataSource       : HikariPool-2 - Start completed.
Hibernate: 
    create table HTE_interviewers(rn_ integer not null, id bigint, hib_sess_id char(36) not null, email varchar(255), name varchar(255), primary key (rn_, hib_sess_id))
2024-01-24T20:12:05.158-06:00  INFO 12416 --- [    Test worker] o.h.e.t.j.p.i.JtaPlatformInitiator       : HHH000489: No JTA platform available (set 'hibernate.transaction.jta.platform' to enable JTA platform integration)
2024-01-24T20:12:05.167-06:00  INFO 12416 --- [    Test worker] j.LocalContainerEntityManagerFactoryBean : Initialized JPA EntityManagerFactory for persistence unit 'default'
2024-01-24T20:12:05.450-06:00  WARN 12416 --- [    Test worker] JpaBaseConfiguration$JpaWebConfiguration : spring.jpa.open-in-view is enabled by default. Therefore, database queries may be performed during view rendering. Explicitly configure spring.jpa.open-in-view to disable this warning
2024-01-24T20:12:06.059-06:00  INFO 12416 --- [    Test worker] o.b.c.InterviwierControllerTest          : Started InterviwierControllerTest in 2.204 seconds (process running for 11.864)
]]></system-out>
  <system-err><![CDATA[]]></system-err>
</testsuite>
